This file contains any messages produced by compilers while
running configure, to aid debugging if configure makes a mistake.

It was created by configure, which was
generated by GNU Autoconf 2.63.  Invocation command line was

  $ /etc/ns-allinone-2.34/nam-1.14/configure 

## --------- ##
## Platform. ##
## --------- ##

hostname = campogrande21.dcc.ufrj.br
uname -m = i686
uname -r = 2.6.36-gentoo-r5
uname -s = Linux
uname -v = #1 SMP Fri Jan 7 10:58:45 BRST 2011

/usr/bin/uname -p = Intel(R) Celeron(R) CPU 2.80GHz
/bin/uname -X     = unknown

/bin/arch              = unknown
/usr/bin/arch -k       = unknown
/usr/convex/getsysinfo = unknown
/usr/bin/hostinfo      = unknown
/bin/machine           = unknown
/usr/bin/oslevel       = unknown
/bin/universe          = unknown

PATH: /home/pericolo/perl5/bin
PATH: /usr/local/bin
PATH: /usr/bin
PATH: /bin
PATH: /opt/bin
PATH: /usr/i686-pc-linux-gnu/avr/gcc-bin/4.5.2
PATH: /usr/i486-pc-linux-gnu/gcc-bin/4.1.2
PATH: /usr/i686-pc-linux-gnu/gcc-bin/4.4.4
PATH: /opt/cuda/bin
PATH: /etc/ns-allinone-2.34/nam-1.14
PATH: /etc/ns-allinone-2.34/ns-2.34
PATH: /home/pericolo/bin


## ----------- ##
## Core tests. ##
## ----------- ##

configure:1923: checking for gcc
configure:1939: found /usr/bin/gcc
configure:1950: result: gcc
configure:2182: checking for C compiler version
configure:2190: gcc --version >&5
gcc (Gentoo 4.4.4-r2 p1.2, pie-0.4.5) 4.4.4
Copyright (C) 2010 Free Software Foundation, Inc.
This is free software; see the source for copying conditions.  There is NO
warranty; not even for MERCHANTABILITY or FITNESS FOR A PARTICULAR PURPOSE.

configure:2194: $? = 0
configure:2201: gcc -v >&5
Using built-in specs.
Target: i686-pc-linux-gnu
Configured with: /var/tmp/portage/sys-devel/gcc-4.4.4-r2/work/gcc-4.4.4/configure --prefix=/usr --bindir=/usr/i686-pc-linux-gnu/gcc-bin/4.4.4 --includedir=/usr/lib/gcc/i686-pc-linux-gnu/4.4.4/include --datadir=/usr/share/gcc-data/i686-pc-linux-gnu/4.4.4 --mandir=/usr/share/gcc-data/i686-pc-linux-gnu/4.4.4/man --infodir=/usr/share/gcc-data/i686-pc-linux-gnu/4.4.4/info --with-gxx-include-dir=/usr/lib/gcc/i686-pc-linux-gnu/4.4.4/include/g++-v4 --host=i686-pc-linux-gnu --build=i686-pc-linux-gnu --disable-altivec --disable-fixed-point --without-ppl --without-cloog --enable-nls --without-included-gettext --with-system-zlib --disable-werror --enable-secureplt --disable-multilib --enable-libmudflap --disable-libssp --enable-libgomp --with-python-dir=/share/gcc-data/i686-pc-linux-gnu/4.4.4/python --enable-checking=release --disable-libgcj --with-arch=i686 --enable-languages=c,c++,fortran --enable-shared --enable-threads=posix --enable-__cxa_atexit --enable-clocale=gnu --with-bugurl=http://bugs.gentoo.org/ --with-pkgversion='Gentoo 4.4.4-r2 p1.2, pie-0.4.5'
Thread model: posix
gcc version 4.4.4 (Gentoo 4.4.4-r2 p1.2, pie-0.4.5) 
configure:2205: $? = 0
configure:2212: gcc -V >&5
gcc: '-V' option must have argument
configure:2216: $? = 1
configure:2239: checking for C compiler default output file name
configure:2261: gcc    conftest.c  >&5
configure:2265: $? = 0
configure:2303: result: a.out
configure:2322: checking whether the C compiler works
configure:2332: ./a.out
configure:2336: $? = 0
configure:2355: result: yes
configure:2362: checking whether we are cross compiling
configure:2364: result: no
configure:2367: checking for suffix of executables
configure:2374: gcc -o conftest    conftest.c  >&5
configure:2378: $? = 0
configure:2404: result: 
configure:2410: checking for suffix of object files
configure:2436: gcc -c   conftest.c >&5
configure:2440: $? = 0
configure:2465: result: o
configure:2469: checking whether we are using the GNU C compiler
configure:2498: gcc -c   conftest.c >&5
configure:2505: $? = 0
configure:2522: result: yes
configure:2531: checking whether gcc accepts -g
configure:2561: gcc -c -g  conftest.c >&5
configure:2568: $? = 0
configure:2669: result: yes
configure:2686: checking for gcc option to accept ISO C89
configure:2760: gcc  -c -g -O2  conftest.c >&5
configure:2767: $? = 0
configure:2790: result: none needed
configure:2814: checking how to run the C preprocessor
configure:2854: gcc -E  conftest.c
configure:2861: $? = 0
configure:2892: gcc -E  conftest.c
conftest.c:8:28: error: ac_nonexistent.h: No such file or directory
configure:2899: $? = 1
configure: failed program was:
| /* confdefs.h.  */
| #define PACKAGE_NAME ""
| #define PACKAGE_TARNAME ""
| #define PACKAGE_VERSION ""
| #define PACKAGE_STRING ""
| #define PACKAGE_BUGREPORT ""
| /* end confdefs.h.  */
| #include <ac_nonexistent.h>
configure:2932: result: gcc -E
configure:2961: gcc -E  conftest.c
configure:2968: $? = 0
configure:2999: gcc -E  conftest.c
conftest.c:8:28: error: ac_nonexistent.h: No such file or directory
configure:3006: $? = 1
configure: failed program was:
| /* confdefs.h.  */
| #define PACKAGE_NAME ""
| #define PACKAGE_TARNAME ""
| #define PACKAGE_VERSION ""
| #define PACKAGE_STRING ""
| #define PACKAGE_BUGREPORT ""
| /* end confdefs.h.  */
| #include <ac_nonexistent.h>
configure:3046: checking for grep that handles long lines and -e
configure:3106: result: /bin/grep
configure:3111: checking for egrep
configure:3175: result: /bin/grep -E
configure:3180: checking for ANSI C header files
configure:3210: gcc -c -g -O2  conftest.c >&5
configure:3217: $? = 0
configure:3316: gcc -o conftest -g -O2   conftest.c  >&5
configure:3320: $? = 0
configure:3326: ./conftest
configure:3330: $? = 0
configure:3348: result: yes
configure:3464: checking build system type
configure:3482: result: i686-pc-linux-gnu
configure:3504: checking host system type
configure:3519: result: i686-pc-linux-gnu
configure:3541: checking target system type
configure:3556: result: i686-pc-linux-gnu
configure:3633: checking for gcc
configure:3660: result: gcc
configure:3892: checking for C compiler version
configure:3900: gcc --version >&5
gcc (Gentoo 4.4.4-r2 p1.2, pie-0.4.5) 4.4.4
Copyright (C) 2010 Free Software Foundation, Inc.
This is free software; see the source for copying conditions.  There is NO
warranty; not even for MERCHANTABILITY or FITNESS FOR A PARTICULAR PURPOSE.

configure:3904: $? = 0
configure:3911: gcc -v >&5
Using built-in specs.
Target: i686-pc-linux-gnu
Configured with: /var/tmp/portage/sys-devel/gcc-4.4.4-r2/work/gcc-4.4.4/configure --prefix=/usr --bindir=/usr/i686-pc-linux-gnu/gcc-bin/4.4.4 --includedir=/usr/lib/gcc/i686-pc-linux-gnu/4.4.4/include --datadir=/usr/share/gcc-data/i686-pc-linux-gnu/4.4.4 --mandir=/usr/share/gcc-data/i686-pc-linux-gnu/4.4.4/man --infodir=/usr/share/gcc-data/i686-pc-linux-gnu/4.4.4/info --with-gxx-include-dir=/usr/lib/gcc/i686-pc-linux-gnu/4.4.4/include/g++-v4 --host=i686-pc-linux-gnu --build=i686-pc-linux-gnu --disable-altivec --disable-fixed-point --without-ppl --without-cloog --enable-nls --without-included-gettext --with-system-zlib --disable-werror --enable-secureplt --disable-multilib --enable-libmudflap --disable-libssp --enable-libgomp --with-python-dir=/share/gcc-data/i686-pc-linux-gnu/4.4.4/python --enable-checking=release --disable-libgcj --with-arch=i686 --enable-languages=c,c++,fortran --enable-shared --enable-threads=posix --enable-__cxa_atexit --enable-clocale=gnu --with-bugurl=http://bugs.gentoo.org/ --with-pkgversion='Gentoo 4.4.4-r2 p1.2, pie-0.4.5'
Thread model: posix
gcc version 4.4.4 (Gentoo 4.4.4-r2 p1.2, pie-0.4.5) 
configure:3915: $? = 0
configure:3922: gcc -V >&5
gcc: '-V' option must have argument
configure:3926: $? = 1
configure:3929: checking whether we are using the GNU C compiler
configure:3982: result: yes
configure:3991: checking whether gcc accepts -g
configure:4129: result: yes
configure:4146: checking for gcc option to accept ISO C89
configure:4250: result: none needed
configure:4326: checking for g++
configure:4342: found /usr/bin/g++
configure:4353: result: g++
configure:4380: checking for C++ compiler version
configure:4388: g++ --version >&5
g++ (Gentoo 4.4.4-r2 p1.2, pie-0.4.5) 4.4.4
Copyright (C) 2010 Free Software Foundation, Inc.
This is free software; see the source for copying conditions.  There is NO
warranty; not even for MERCHANTABILITY or FITNESS FOR A PARTICULAR PURPOSE.

configure:4392: $? = 0
configure:4399: g++ -v >&5
Using built-in specs.
Target: i686-pc-linux-gnu
Configured with: /var/tmp/portage/sys-devel/gcc-4.4.4-r2/work/gcc-4.4.4/configure --prefix=/usr --bindir=/usr/i686-pc-linux-gnu/gcc-bin/4.4.4 --includedir=/usr/lib/gcc/i686-pc-linux-gnu/4.4.4/include --datadir=/usr/share/gcc-data/i686-pc-linux-gnu/4.4.4 --mandir=/usr/share/gcc-data/i686-pc-linux-gnu/4.4.4/man --infodir=/usr/share/gcc-data/i686-pc-linux-gnu/4.4.4/info --with-gxx-include-dir=/usr/lib/gcc/i686-pc-linux-gnu/4.4.4/include/g++-v4 --host=i686-pc-linux-gnu --build=i686-pc-linux-gnu --disable-altivec --disable-fixed-point --without-ppl --without-cloog --enable-nls --without-included-gettext --with-system-zlib --disable-werror --enable-secureplt --disable-multilib --enable-libmudflap --disable-libssp --enable-libgomp --with-python-dir=/share/gcc-data/i686-pc-linux-gnu/4.4.4/python --enable-checking=release --disable-libgcj --with-arch=i686 --enable-languages=c,c++,fortran --enable-shared --enable-threads=posix --enable-__cxa_atexit --enable-clocale=gnu --with-bugurl=http://bugs.gentoo.org/ --with-pkgversion='Gentoo 4.4.4-r2 p1.2, pie-0.4.5'
Thread model: posix
gcc version 4.4.4 (Gentoo 4.4.4-r2 p1.2, pie-0.4.5) 
configure:4403: $? = 0
configure:4410: g++ -V >&5
g++: '-V' option must have argument
configure:4414: $? = 1
configure:4417: checking whether we are using the GNU C++ compiler
configure:4446: g++ -c   conftest.cpp >&5
configure:4453: $? = 0
configure:4470: result: yes
configure:4479: checking whether g++ accepts -g
configure:4509: g++ -c -g  conftest.cpp >&5
configure:4516: $? = 0
configure:4617: result: yes
configure:4640: checking for ANSI C header files
configure:4808: result: yes
configure:4832: checking for sys/types.h
configure:4853: gcc -c -g -O2  conftest.c >&5
configure:4860: $? = 0
configure:4877: result: yes
configure:4832: checking for sys/stat.h
configure:4853: gcc -c -g -O2  conftest.c >&5
configure:4860: $? = 0
configure:4877: result: yes
configure:4832: checking for stdlib.h
configure:4853: gcc -c -g -O2  conftest.c >&5
configure:4860: $? = 0
configure:4877: result: yes
configure:4832: checking for string.h
configure:4853: gcc -c -g -O2  conftest.c >&5
configure:4860: $? = 0
configure:4877: result: yes
configure:4832: checking for memory.h
configure:4853: gcc -c -g -O2  conftest.c >&5
configure:4860: $? = 0
configure:4877: result: yes
configure:4832: checking for strings.h
configure:4853: gcc -c -g -O2  conftest.c >&5
configure:4860: $? = 0
configure:4877: result: yes
configure:4832: checking for inttypes.h
configure:4853: gcc -c -g -O2  conftest.c >&5
configure:4860: $? = 0
configure:4877: result: yes
configure:4832: checking for stdint.h
configure:4853: gcc -c -g -O2  conftest.c >&5
configure:4860: $? = 0
configure:4877: result: yes
configure:4832: checking for unistd.h
configure:4853: gcc -c -g -O2  conftest.c >&5
configure:4860: $? = 0
configure:4877: result: yes
configure:4896: checking for string.h
configure:4903: result: yes
configure:5047: checking for main in -lXbsd
configure:5076: gcc -o conftest -g -O2   conftest.c -lXbsd   >&5
/usr/lib/gcc/i686-pc-linux-gnu/4.4.4/../../../../i686-pc-linux-gnu/bin/ld: cannot find -lXbsd
collect2: ld returned 1 exit status
configure:5083: $? = 1
configure: failed program was:
| /* confdefs.h.  */
| #define PACKAGE_NAME ""
| #define PACKAGE_TARNAME ""
| #define PACKAGE_VERSION ""
| #define PACKAGE_STRING ""
| #define PACKAGE_BUGREPORT ""
| #define STDC_HEADERS 1
| #define STDC_HEADERS 1
| #define HAVE_SYS_TYPES_H 1
| #define HAVE_SYS_STAT_H 1
| #define HAVE_STDLIB_H 1
| #define HAVE_STRING_H 1
| #define HAVE_MEMORY_H 1
| #define HAVE_STRINGS_H 1
| #define HAVE_INTTYPES_H 1
| #define HAVE_STDINT_H 1
| #define HAVE_UNISTD_H 1
| #define HAVE_STRING_H 1
| /* end confdefs.h.  */
| 
| 
| int
| main ()
| {
| return main ();
|   ;
|   return 0;
| }
configure:5104: result: no
configure:5110: checking for socket in -lsocket
configure:5145: gcc -o conftest -g -O2   conftest.c -lsocket   >&5
/usr/lib/gcc/i686-pc-linux-gnu/4.4.4/../../../../i686-pc-linux-gnu/bin/ld: cannot find -lsocket
collect2: ld returned 1 exit status
configure:5152: $? = 1
configure: failed program was:
| /* confdefs.h.  */
| #define PACKAGE_NAME ""
| #define PACKAGE_TARNAME ""
| #define PACKAGE_VERSION ""
| #define PACKAGE_STRING ""
| #define PACKAGE_BUGREPORT ""
| #define STDC_HEADERS 1
| #define STDC_HEADERS 1
| #define HAVE_SYS_TYPES_H 1
| #define HAVE_SYS_STAT_H 1
| #define HAVE_STDLIB_H 1
| #define HAVE_STRING_H 1
| #define HAVE_MEMORY_H 1
| #define HAVE_STRINGS_H 1
| #define HAVE_INTTYPES_H 1
| #define HAVE_STDINT_H 1
| #define HAVE_UNISTD_H 1
| #define HAVE_STRING_H 1
| /* end confdefs.h.  */
| 
| /* Override any GCC internal prototype to avoid an error.
|    Use char because int might match the return type of a GCC
|    builtin and then its argument prototype would still apply.  */
| #ifdef __cplusplus
| extern "C"
| #endif
| char socket ();
| int
| main ()
| {
| return socket ();
|   ;
|   return 0;
| }
configure:5173: result: no
configure:5179: checking for gethostbyname in -lnsl
configure:5214: gcc -o conftest -g -O2   conftest.c -lnsl   >&5
configure:5221: $? = 0
configure:5242: result: yes
configure:5248: checking for dcgettext in -lintl
configure:5283: gcc -o conftest -g -O2   conftest.c -lintl   >&5
conftest.c:27: warning: conflicting types for built-in function 'dcgettext'
/usr/lib/gcc/i686-pc-linux-gnu/4.4.4/../../../../i686-pc-linux-gnu/bin/ld: cannot find -lintl
collect2: ld returned 1 exit status
configure:5290: $? = 1
configure: failed program was:
| /* confdefs.h.  */
| #define PACKAGE_NAME ""
| #define PACKAGE_TARNAME ""
| #define PACKAGE_VERSION ""
| #define PACKAGE_STRING ""
| #define PACKAGE_BUGREPORT ""
| #define STDC_HEADERS 1
| #define STDC_HEADERS 1
| #define HAVE_SYS_TYPES_H 1
| #define HAVE_SYS_STAT_H 1
| #define HAVE_STDLIB_H 1
| #define HAVE_STRING_H 1
| #define HAVE_MEMORY_H 1
| #define HAVE_STRINGS_H 1
| #define HAVE_INTTYPES_H 1
| #define HAVE_STDINT_H 1
| #define HAVE_UNISTD_H 1
| #define HAVE_STRING_H 1
| /* end confdefs.h.  */
| 
| /* Override any GCC internal prototype to avoid an error.
|    Use char because int might match the return type of a GCC
|    builtin and then its argument prototype would still apply.  */
| #ifdef __cplusplus
| extern "C"
| #endif
| char dcgettext ();
| int
| main ()
| {
| return dcgettext ();
|   ;
|   return 0;
| }
configure:5311: result: no
configure:5317: checking for getnodebyname in -ldnet_stub
configure:5352: gcc -o conftest -g -O2   conftest.c -ldnet_stub   >&5
/usr/lib/gcc/i686-pc-linux-gnu/4.4.4/../../../../i686-pc-linux-gnu/bin/ld: cannot find -ldnet_stub
collect2: ld returned 1 exit status
configure:5359: $? = 1
configure: failed program was:
| /* confdefs.h.  */
| #define PACKAGE_NAME ""
| #define PACKAGE_TARNAME ""
| #define PACKAGE_VERSION ""
| #define PACKAGE_STRING ""
| #define PACKAGE_BUGREPORT ""
| #define STDC_HEADERS 1
| #define STDC_HEADERS 1
| #define HAVE_SYS_TYPES_H 1
| #define HAVE_SYS_STAT_H 1
| #define HAVE_STDLIB_H 1
| #define HAVE_STRING_H 1
| #define HAVE_MEMORY_H 1
| #define HAVE_STRINGS_H 1
| #define HAVE_INTTYPES_H 1
| #define HAVE_STDINT_H 1
| #define HAVE_UNISTD_H 1
| #define HAVE_STRING_H 1
| /* end confdefs.h.  */
| 
| /* Override any GCC internal prototype to avoid an error.
|    Use char because int might match the return type of a GCC
|    builtin and then its argument prototype would still apply.  */
| #ifdef __cplusplus
| extern "C"
| #endif
| char getnodebyname ();
| int
| main ()
| {
| return getnodebyname ();
|   ;
|   return 0;
| }
configure:5380: result: no
configure:5426: checking that g++ can handle -O2
configure:5457: gcc -c -g -O2  conftest.c >&5
conftest.c: In function 'main':
conftest.c:26: error: 'error' undeclared (first use in this function)
conftest.c:26: error: (Each undeclared identifier is reported only once
conftest.c:26: error: for each function it appears in.)
conftest.c:30: error: expected ';' before 'int'
configure:5464: $? = 1
configure: failed program was:
| /* confdefs.h.  */
| #define PACKAGE_NAME ""
| #define PACKAGE_TARNAME ""
| #define PACKAGE_VERSION ""
| #define PACKAGE_STRING ""
| #define PACKAGE_BUGREPORT ""
| #define STDC_HEADERS 1
| #define STDC_HEADERS 1
| #define HAVE_SYS_TYPES_H 1
| #define HAVE_SYS_STAT_H 1
| #define HAVE_STDLIB_H 1
| #define HAVE_STRING_H 1
| #define HAVE_MEMORY_H 1
| #define HAVE_STRINGS_H 1
| #define HAVE_INTTYPES_H 1
| #define HAVE_STDINT_H 1
| #define HAVE_UNISTD_H 1
| #define HAVE_STRING_H 1
| /* end confdefs.h.  */
| 
| int
| main ()
| {
| #if __GNUC__ < 2  || __GNUC_MINOR__ < 8
| 		/* gcc */
| 		error
| 		#endif
| 		#if __GNUC_MINOR__ < 92
| 		/* egcs */
| 		int error;
| 		#endif
| 
|   ;
|   return 0;
| }
configure:5477: result: no
configure:5743: checking for zlib.h
configure:5796: result: -I/usr/include
configure:5802: checking for libz1.2.3
configure:5866: result: -L/usr/lib -lz
configure:5962: gcc -E  conftest.c
configure:5969: $? = 0
configure:6003: checking for XOpenDisplay in -lX11
configure:6038: gcc -o conftest -g -O2   conftest.c -lX11   >&5
configure:6045: $? = 0
configure:6066: result: yes
configure:6092: checking for XShmAttach in -lXext
configure:6127: gcc -o conftest -g -O2   conftest.c -lXext -lX11  >&5
configure:6134: $? = 0
configure:6155: result: yes
configure:6398: checking for tcl.h
configure:6451: result: -I/usr/include
configure:6457: checking for tclInt.h
configure:6495: result: no
configure:6516: checking for libtcl8.4
configure:6580: result: -L/usr/lib -ltcl
configure:6586: checking for init.tcl
configure:6619: result: no
configure:6642: checking for http.tcl
configure:6675: result: no
configure:6686: checking Tcl http.tcl library
configure:6693: error: Couldn't find http.tcl in  	 	/http 	/http2.4 	/http2.3 	/http2.1 	/http2.0 	/http1.0 	

## ---------------- ##
## Cache variables. ##
## ---------------- ##

ac_cv_build=i686-pc-linux-gnu
ac_cv_c_compiler_gnu=yes
ac_cv_cxx_compiler_gnu=yes
ac_cv_env_CCC_set=
ac_cv_env_CCC_value=
ac_cv_env_CC_set=
ac_cv_env_CC_value=
ac_cv_env_CFLAGS_set=
ac_cv_env_CFLAGS_value=
ac_cv_env_CPPFLAGS_set=
ac_cv_env_CPPFLAGS_value=
ac_cv_env_CPP_set=
ac_cv_env_CPP_value=
ac_cv_env_CXXFLAGS_set=
ac_cv_env_CXXFLAGS_value=
ac_cv_env_CXX_set=
ac_cv_env_CXX_value=
ac_cv_env_LDFLAGS_set=
ac_cv_env_LDFLAGS_value=
ac_cv_env_LIBS_set=
ac_cv_env_LIBS_value=
ac_cv_env_build_alias_set=
ac_cv_env_build_alias_value=
ac_cv_env_host_alias_set=
ac_cv_env_host_alias_value=
ac_cv_env_target_alias_set=
ac_cv_env_target_alias_value=
ac_cv_header_inttypes_h=yes
ac_cv_header_memory_h=yes
ac_cv_header_stdc=yes
ac_cv_header_stdint_h=yes
ac_cv_header_stdlib_h=yes
ac_cv_header_string_h=yes
ac_cv_header_strings_h=yes
ac_cv_header_sys_stat_h=yes
ac_cv_header_sys_types_h=yes
ac_cv_header_unistd_h=yes
ac_cv_host=i686-pc-linux-gnu
ac_cv_lib_X11_XOpenDisplay=yes
ac_cv_lib_Xbsd_main=no
ac_cv_lib_Xext_XShmAttach=yes
ac_cv_lib_dnet_stub_getnodebyname=no
ac_cv_lib_intl_dcgettext=no
ac_cv_lib_nsl_gethostbyname=yes
ac_cv_lib_socket_socket=no
ac_cv_objext=o
ac_cv_path_EGREP='/bin/grep -E'
ac_cv_path_GREP=/bin/grep
ac_cv_prog_CPP='gcc -E'
ac_cv_prog_ac_ct_CC=gcc
ac_cv_prog_ac_ct_CXX=g++
ac_cv_prog_cc_c89=
ac_cv_prog_cc_g=yes
ac_cv_prog_cxx_g=yes
ac_cv_target=i686-pc-linux-gnu

## ----------------- ##
## Output variables. ##
## ----------------- ##

CC='gcc'
CFLAGS='-g -O2'
CPP='gcc -E'
CPPFLAGS=''
CXX='g++'
CXXFLAGS='-g -O2'
DEFS=''
ECHO_C=''
ECHO_N='-n'
ECHO_T=''
EGREP='/bin/grep -E'
EXEEXT=''
GREP='/bin/grep'
INSTALL_DATA=''
INSTALL_PROGRAM=''
INSTALL_SCRIPT=''
LDFLAGS=''
LIBOBJS=''
LIBS=''
LTLIBOBJS=''
OBJEXT='o'
PACKAGE_BUGREPORT=''
PACKAGE_NAME=''
PACKAGE_STRING=''
PACKAGE_TARNAME=''
PACKAGE_VERSION=''
PATH_SEPARATOR=':'
SHELL='/bin/sh'
V_ALL='nam'
V_AR='ar cr'
V_BROKEN_OBJ=''
V_CCOPT=' -Wall -Wno-write-strings'
V_DEFINE=' -DNDEBUG'
V_DEFINES='-DHAVE_LIBTCL8_4 -DHAVE_TCL_H -DHAVE_LIBZ1_2_3 -DHAVE_ZLIB_H '
V_INCLUDE=''
V_INCLUDES='-I/usr/include -I/usr/include '
V_INCLUDE_X11=''
V_LIB=' -lnsl'
V_LIBRARY_TCL=''
V_LIBRARY_TK=''
V_LIBS='-L/usr/lib -ltcl -L/usr/lib -lz '
V_LIB_OTCL=''
V_LIB_TCL='-L/usr/lib -ltcl'
V_LIB_TCLCL=''
V_LIB_TK=''
V_LIB_X11='-lXext -lX11'
V_LSSCRIPT=''
V_NS_TCL_LIB_STL=''
V_OBJ=''
V_OBJ_CRYPT=''
V_RANLIB='ranlib'
V_SHELL=''
V_SIGRET='void'
V_STATIC=''
V_STLOBJ=''
V_TARCMD='tar cfh'
V_TAR_EXTRA=''
V_TAR_TARGET=''
V_TCL2CPP=''
V_TCLSH=''
V_TCL_LIBRARY_FILES=''
V_TKDOSNAMES=''
ac_ct_CC='gcc'
ac_ct_CXX='g++'
bindir='${exec_prefix}/bin'
build='i686-pc-linux-gnu'
build_alias=''
build_cpu='i686'
build_os='linux-gnu'
build_vendor='pc'
datadir='${datarootdir}'
datarootdir='${prefix}/share'
docdir='${datarootdir}/doc/${PACKAGE}'
dvidir='${docdir}'
exec_prefix='NONE'
host='i686-pc-linux-gnu'
host_alias=''
host_cpu='i686'
host_os='linux-gnu'
host_vendor='pc'
htmldir='${docdir}'
includedir='${prefix}/include'
infodir='${datarootdir}/info'
libdir='${exec_prefix}/lib'
libexecdir='${exec_prefix}/libexec'
localedir='${datarootdir}/locale'
localstatedir='${prefix}/var'
mandir='${datarootdir}/man'
oldincludedir='/usr/include'
pdfdir='${docdir}'
prefix='NONE'
program_transform_name='s,x,x,'
psdir='${docdir}'
sbindir='${exec_prefix}/sbin'
sharedstatedir='${prefix}/com'
sysconfdir='${prefix}/etc'
target='i686-pc-linux-gnu'
target_alias=''
target_cpu='i686'
target_os='linux-gnu'
target_vendor='pc'

## ----------- ##
## confdefs.h. ##
## ----------- ##

#define PACKAGE_NAME ""
#define PACKAGE_TARNAME ""
#define PACKAGE_VERSION ""
#define PACKAGE_STRING ""
#define PACKAGE_BUGREPORT ""
#define STDC_HEADERS 1
#define STDC_HEADERS 1
#define HAVE_SYS_TYPES_H 1
#define HAVE_SYS_STAT_H 1
#define HAVE_STDLIB_H 1
#define HAVE_STRING_H 1
#define HAVE_MEMORY_H 1
#define HAVE_STRINGS_H 1
#define HAVE_INTTYPES_H 1
#define HAVE_STDINT_H 1
#define HAVE_UNISTD_H 1
#define HAVE_STRING_H 1
#define HAVE_ZLIB_H 1
#define HAVE_LIBZ1_2_3 1
#define HAVE_TCL_H 1
#define HAVE_LIBTCL8_4 1

configure: exit 1
